{
  "stats": {
    "suites": 1,
    "tests": 2,
    "passes": 1,
    "pending": 0,
    "failures": 1,
    "start": "2023-10-27T09:27:29.350Z",
    "end": "2023-10-27T09:27:47.699Z",
    "duration": 18349,
    "testsRegistered": 2,
    "passPercent": 50,
    "pendingPercent": 0,
    "other": 0,
    "hasOther": false,
    "skipped": 0,
    "hasSkipped": false
  },
  "results": [
    {
      "uuid": "c036d733-be6a-4da8-be2d-e2fb5bd38fe4",
      "title": "",
      "fullFile": "cypress\\tests\\order\\OrderItem.js",
      "file": "cypress\\tests\\order\\OrderItem.js",
      "beforeHooks": [],
      "afterHooks": [],
      "tests": [],
      "suites": [
        {
          "uuid": "6636099a-3a00-4519-91ae-3c3d2d453f77",
          "title": "Order Item Test",
          "fullFile": "",
          "file": "",
          "beforeHooks": [],
          "afterHooks": [],
          "tests": [
            {
              "title": "Order item as guest",
              "fullTitle": "Order Item Test Order item as guest",
              "timedOut": null,
              "duration": 6962,
              "state": "failed",
              "speed": null,
              "pass": false,
              "fail": true,
              "pending": false,
              "context": null,
              "code": "purchaseItem();",
              "err": {
                "message": "CypressError: Timed out retrying after 5000ms: `cy.wait()` timed out waiting `5000ms` for the 1st request to the route: `entries`. No request ever occurred.\n\nhttps://on.cypress.io/wait",
                "estack": "CypressError: Timed out retrying after 5000ms: `cy.wait()` timed out waiting `5000ms` for the 1st request to the route: `entries`. No request ever occurred.\n\nhttps://on.cypress.io/wait\n    at cypressErr (https://www.demoblaze.com/__cypress/runner/cypress_runner.js:75008:18)\n    at Object.errByPath (https://www.demoblaze.com/__cypress/runner/cypress_runner.js:75063:10)\n    at checkForXhr (https://www.demoblaze.com/__cypress/runner/cypress_runner.js:135520:84)\n    at <unknown> (https://www.demoblaze.com/__cypress/runner/cypress_runner.js:135543:28)\n    at tryCatcher (https://www.demoblaze.com/__cypress/runner/cypress_runner.js:1807:23)\n    at Promise.attempt.Promise.try (https://www.demoblaze.com/__cypress/runner/cypress_runner.js:4315:29)\n    at whenStable (https://www.demoblaze.com/__cypress/runner/cypress_runner.js:143908:68)\n    at <unknown> (https://www.demoblaze.com/__cypress/runner/cypress_runner.js:143849:14)\n    at tryCatcher (https://www.demoblaze.com/__cypress/runner/cypress_runner.js:1807:23)\n    at Promise._settlePromiseFromHandler (https://www.demoblaze.com/__cypress/runner/cypress_runner.js:1519:31)\n    at Promise._settlePromise (https://www.demoblaze.com/__cypress/runner/cypress_runner.js:1576:18)\n    at Promise._settlePromise0 (https://www.demoblaze.com/__cypress/runner/cypress_runner.js:1621:10)\n    at Promise._settlePromises (https://www.demoblaze.com/__cypress/runner/cypress_runner.js:1701:18)\n    at Promise._fulfill (https://www.demoblaze.com/__cypress/runner/cypress_runner.js:1645:18)\n    at <unknown> (https://www.demoblaze.com/__cypress/runner/cypress_runner.js:5450:46)\nFrom Your Spec Code:\n    at HomePageAPI._waitForEntriesRequest (webpack://cypress-start/./cypress/support/HomePageAPI.js:14:11)\n    at HomePageAPI.getHomePageProducts (webpack://cypress-start/./cypress/support/HomePageAPI.js:4:13)\n    at purchaseItem (webpack://cypress-start/./cypress/tests/order/OrderItem.js:60:16)\n    at Context.eval (webpack://cypress-start/./cypress/tests/order/OrderItem.js:28:8)",
                "diff": null
              },
              "uuid": "e8f9741a-7e26-4162-98b1-19f20a4bce25",
              "parentUUID": "6636099a-3a00-4519-91ae-3c3d2d453f77",
              "isHook": false,
              "skipped": false
            },
            {
              "title": "Order item as logged in user",
              "fullTitle": "Order Item Test Order item as logged in user",
              "timedOut": null,
              "duration": 10963,
              "state": "passed",
              "speed": "slow",
              "pass": true,
              "fail": false,
              "pending": false,
              "context": null,
              "code": "// Login\nconst LOGIN_CRED = {\n  username: \"binh\",\n  password: \"admin\"\n};\nconst {\n  username,\n  password\n} = LOGIN_CRED;\nlogin(username, password);\n//Purchase\npurchaseItem();",
              "err": {},
              "uuid": "9638991c-9eac-43e4-81b8-1337dca7dad4",
              "parentUUID": "6636099a-3a00-4519-91ae-3c3d2d453f77",
              "isHook": false,
              "skipped": false
            }
          ],
          "suites": [],
          "passes": [
            "9638991c-9eac-43e4-81b8-1337dca7dad4"
          ],
          "failures": [
            "e8f9741a-7e26-4162-98b1-19f20a4bce25"
          ],
          "pending": [],
          "skipped": [],
          "duration": 17925,
          "root": false,
          "rootEmpty": false,
          "_timeout": 2000
        }
      ],
      "passes": [],
      "failures": [],
      "pending": [],
      "skipped": [],
      "duration": 0,
      "root": true,
      "rootEmpty": true,
      "_timeout": 2000
    }
  ],
  "meta": {
    "mocha": {
      "version": "7.0.1"
    },
    "mochawesome": {
      "options": {
        "quiet": false,
        "reportFilename": "mochawesome",
        "saveHtml": false,
        "saveJson": true,
        "consoleReporter": "spec",
        "useInlineDiffs": false,
        "code": true
      },
      "version": "7.1.3"
    },
    "marge": {
      "options": {
        "reportDir": "results",
        "overwrite": false,
        "html": false,
        "json": true
      },
      "version": "6.2.0"
    }
  }
}