{
  "stats": {
    "suites": 1,
    "tests": 1,
    "passes": 0,
    "pending": 0,
    "failures": 1,
    "start": "2023-10-27T09:27:07.839Z",
    "end": "2023-10-27T09:27:16.137Z",
    "duration": 8298,
    "testsRegistered": 5,
    "passPercent": 0,
    "pendingPercent": 0,
    "other": 0,
    "hasOther": false,
    "skipped": 4,
    "hasSkipped": true
  },
  "results": [
    {
      "uuid": "df4a1eeb-a82b-47f4-b2d0-d62c834b264c",
      "title": "",
      "fullFile": "cypress\\tests\\components\\HomePageCategoryTest.js",
      "file": "cypress\\tests\\components\\HomePageCategoryTest.js",
      "beforeHooks": [],
      "afterHooks": [],
      "tests": [],
      "suites": [
        {
          "uuid": "cf47177c-ecb0-4a87-a99d-5b23c6f12f43",
          "title": "Home Page Category Test",
          "fullFile": "",
          "file": "",
          "beforeHooks": [],
          "afterHooks": [],
          "tests": [
            {
              "title": "should be able to filter phone products",
              "fullTitle": "Home Page Category Test should be able to filter phone products",
              "timedOut": null,
              "duration": 8025,
              "state": "failed",
              "speed": null,
              "pass": false,
              "fail": true,
              "pending": false,
              "context": null,
              "code": "verifyCategoryFilterBy(`${product}`);",
              "err": {
                "message": "CypressError: Timed out retrying after 5000ms: `cy.wait()` timed out waiting `5000ms` for the 1st request to the route: `entries`. No request ever occurred.\n\nhttps://on.cypress.io/wait\n\nBecause this error occurred during a `before each` hook we are skipping the remaining tests in the current suite: `Home Page Category Test`",
                "estack": "CypressError: Timed out retrying after 5000ms: `cy.wait()` timed out waiting `5000ms` for the 1st request to the route: `entries`. No request ever occurred.\n\nhttps://on.cypress.io/wait\n\nBecause this error occurred during a `before each` hook we are skipping the remaining tests in the current suite: `Home Page Category Test`\n    at cypressErr (https://www.demoblaze.com/__cypress/runner/cypress_runner.js:75008:18)\n    at Object.errByPath (https://www.demoblaze.com/__cypress/runner/cypress_runner.js:75063:10)\n    at checkForXhr (https://www.demoblaze.com/__cypress/runner/cypress_runner.js:135520:84)\n    at <unknown> (https://www.demoblaze.com/__cypress/runner/cypress_runner.js:135543:28)\n    at tryCatcher (https://www.demoblaze.com/__cypress/runner/cypress_runner.js:1807:23)\n    at Promise.attempt.Promise.try (https://www.demoblaze.com/__cypress/runner/cypress_runner.js:4315:29)\n    at whenStable (https://www.demoblaze.com/__cypress/runner/cypress_runner.js:143908:68)\n    at <unknown> (https://www.demoblaze.com/__cypress/runner/cypress_runner.js:143849:14)\n    at tryCatcher (https://www.demoblaze.com/__cypress/runner/cypress_runner.js:1807:23)\n    at Promise._settlePromiseFromHandler (https://www.demoblaze.com/__cypress/runner/cypress_runner.js:1519:31)\n    at Promise._settlePromise (https://www.demoblaze.com/__cypress/runner/cypress_runner.js:1576:18)\n    at Promise._settlePromise0 (https://www.demoblaze.com/__cypress/runner/cypress_runner.js:1621:10)\n    at Promise._settlePromises (https://www.demoblaze.com/__cypress/runner/cypress_runner.js:1701:18)\n    at Promise._fulfill (https://www.demoblaze.com/__cypress/runner/cypress_runner.js:1645:18)\n    at <unknown> (https://www.demoblaze.com/__cypress/runner/cypress_runner.js:5450:46)\nFrom Your Spec Code:\n    at HomePageAPI._waitForEntriesRequest (webpack://cypress-start/./cypress/support/HomePageAPI.js:14:11)\n    at HomePageAPI.waitForHomePageLoaded (webpack://cypress-start/./cypress/support/HomePageAPI.js:9:13)\n    at Context.eval (webpack://cypress-start/./cypress/tests/components/HomePageCategoryTest.js:8:20)",
                "diff": null
              },
              "uuid": "8b48b19f-723f-4dba-a27a-21586551968c",
              "parentUUID": "cf47177c-ecb0-4a87-a99d-5b23c6f12f43",
              "isHook": false,
              "skipped": false
            },
            {
              "title": "should be able to filter notebook products",
              "fullTitle": "Home Page Category Test should be able to filter notebook products",
              "timedOut": null,
              "duration": 0,
              "state": "skipped",
              "speed": null,
              "pass": false,
              "fail": false,
              "pending": false,
              "context": null,
              "code": "verifyCategoryFilterBy(`${product}`);",
              "err": {},
              "uuid": "0fbc4837-170b-4a34-8587-2fb4166fd657",
              "parentUUID": "cf47177c-ecb0-4a87-a99d-5b23c6f12f43",
              "isHook": false,
              "skipped": true
            },
            {
              "title": "should be able to filter monitor products",
              "fullTitle": "Home Page Category Test should be able to filter monitor products",
              "timedOut": null,
              "duration": 0,
              "state": "skipped",
              "speed": null,
              "pass": false,
              "fail": false,
              "pending": false,
              "context": null,
              "code": "verifyCategoryFilterBy(`${product}`);",
              "err": {},
              "uuid": "3863c904-ebaf-4b08-ab7a-e2aca577f1c2",
              "parentUUID": "cf47177c-ecb0-4a87-a99d-5b23c6f12f43",
              "isHook": false,
              "skipped": true
            },
            {
              "title": "should be able to filter products by pagination next",
              "fullTitle": "Home Page Category Test should be able to filter products by pagination next",
              "timedOut": null,
              "duration": 0,
              "state": "skipped",
              "speed": null,
              "pass": false,
              "fail": false,
              "pending": false,
              "context": null,
              "code": "cy.intercept('/pagination').as('paginations');\ncy.get('button[id=\"next2\"]').click({\n  force: true\n}); // make sure click the item\ncy.wait('@paginations');\ncy.request({\n  method: \"POST\",\n  url: \"https://api.demoblaze.com/pagination\",\n  body: {\n    id: \"9\"\n  }\n}).then(res => {\n  let apiProductData = res.body.Items.map(item => {\n    return {\n      itemName: item.title.replace('\\n', ''),\n      itemPrice: `$${item.price}`\n    };\n  });\n  new _DemoBlazePage.default().getAllCardData().then(allCardData => {\n    cy.wrap('').then(() => {\n      expect(allCardData).to.be.eql(apiProductData);\n    });\n  });\n});",
              "err": {},
              "uuid": "1cc66dec-615a-4241-8259-01c276177c37",
              "parentUUID": "cf47177c-ecb0-4a87-a99d-5b23c6f12f43",
              "isHook": false,
              "skipped": true
            },
            {
              "title": "should be able to filter products by pagination prev",
              "fullTitle": "Home Page Category Test should be able to filter products by pagination prev",
              "timedOut": null,
              "duration": 0,
              "state": "skipped",
              "speed": null,
              "pass": false,
              "fail": false,
              "pending": false,
              "context": null,
              "code": "cy.intercept('/pagination').as('paginations');\ncy.get('button[id=\"prev2\"]').click({\n  force: true\n}); // make sure click the item\ncy.wait('@paginations');\ncy.request({\n  method: \"POST\",\n  url: \"https://api.demoblaze.com/pagination\",\n  body: {\n    id: \"1\"\n  }\n}).then(res => {\n  let apiProductData = res.body.Items.map(item => {\n    return {\n      itemName: item.title.replace('\\n', ''),\n      itemPrice: `$${item.price}`\n    };\n  });\n  new _DemoBlazePage.default().getAllCardData().then(allCardData => {\n    cy.wrap('').then(() => {\n      expect(allCardData).to.be.eql(apiProductData);\n    });\n  });\n});",
              "err": {},
              "uuid": "eee6c69f-b2d8-4dc8-a484-90e30f2527d9",
              "parentUUID": "cf47177c-ecb0-4a87-a99d-5b23c6f12f43",
              "isHook": false,
              "skipped": true
            }
          ],
          "suites": [],
          "passes": [],
          "failures": [
            "8b48b19f-723f-4dba-a27a-21586551968c"
          ],
          "pending": [],
          "skipped": [
            "0fbc4837-170b-4a34-8587-2fb4166fd657",
            "3863c904-ebaf-4b08-ab7a-e2aca577f1c2",
            "1cc66dec-615a-4241-8259-01c276177c37",
            "eee6c69f-b2d8-4dc8-a484-90e30f2527d9"
          ],
          "duration": 8025,
          "root": false,
          "rootEmpty": false,
          "_timeout": 2000
        }
      ],
      "passes": [],
      "failures": [],
      "pending": [],
      "skipped": [],
      "duration": 0,
      "root": true,
      "rootEmpty": true,
      "_timeout": 2000
    }
  ],
  "meta": {
    "mocha": {
      "version": "7.0.1"
    },
    "mochawesome": {
      "options": {
        "quiet": false,
        "reportFilename": "mochawesome",
        "saveHtml": false,
        "saveJson": true,
        "consoleReporter": "spec",
        "useInlineDiffs": false,
        "code": true
      },
      "version": "7.1.3"
    },
    "marge": {
      "options": {
        "reportDir": "results",
        "overwrite": false,
        "html": false,
        "json": true
      },
      "version": "6.2.0"
    }
  }
}