{
  "stats": {
    "suites": 1,
    "tests": 1,
    "passes": 1,
    "pending": 0,
    "failures": 0,
    "start": "2023-10-27T09:26:52.172Z",
    "end": "2023-10-27T09:26:54.735Z",
    "duration": 2563,
    "testsRegistered": 1,
    "passPercent": 100,
    "pendingPercent": 0,
    "other": 0,
    "hasOther": false,
    "skipped": 0,
    "hasSkipped": false
  },
  "results": [
    {
      "uuid": "3683aa42-902a-46af-b773-2e07114144f7",
      "title": "",
      "fullFile": "cypress\\tests\\components\\FooterTest.js",
      "file": "cypress\\tests\\components\\FooterTest.js",
      "beforeHooks": [],
      "afterHooks": [],
      "tests": [],
      "suites": [
        {
          "uuid": "83efb6ea-8cd2-469a-a817-e2d16c56a133",
          "title": "Footer Component Test",
          "fullFile": "",
          "file": "",
          "beforeHooks": [],
          "afterHooks": [],
          "tests": [
            {
              "title": "Test for Contact Us",
              "fullTitle": "Footer Component Test Test for Contact Us",
              "timedOut": null,
              "duration": 2064,
              "state": "passed",
              "speed": "fast",
              "pass": true,
              "fail": false,
              "pending": false,
              "context": null,
              "code": "const expectedContactUs = {\n  header: \"Get in Touch\",\n  address: \"2390 El Camino Real\",\n  phone: \"+440 123456\",\n  email: \"demo@blazemeter.com\"\n};\nfooterComp.getContactUsData().then(actualContactUs => {\n  cy.wrap('').then(() => {\n    // expect(actualContactUs).to.eql(expectedContactUs)\n    expect(actualContactUs.header).to.equal(expectedContactUs.header);\n    expect(actualContactUs.desc).to.contains(expectedContactUs.address);\n    expect(actualContactUs.desc).to.contains(expectedContactUs.phone);\n    expect(actualContactUs.desc).to.contains(expectedContactUs.email);\n  });\n});",
              "err": {},
              "uuid": "7821badd-d71e-4b11-b268-37fbe61ab126",
              "parentUUID": "83efb6ea-8cd2-469a-a817-e2d16c56a133",
              "isHook": false,
              "skipped": false
            }
          ],
          "suites": [],
          "passes": [
            "7821badd-d71e-4b11-b268-37fbe61ab126"
          ],
          "failures": [],
          "pending": [],
          "skipped": [],
          "duration": 2064,
          "root": false,
          "rootEmpty": false,
          "_timeout": 2000
        }
      ],
      "passes": [],
      "failures": [],
      "pending": [],
      "skipped": [],
      "duration": 0,
      "root": true,
      "rootEmpty": true,
      "_timeout": 2000
    }
  ],
  "meta": {
    "mocha": {
      "version": "7.0.1"
    },
    "mochawesome": {
      "options": {
        "quiet": false,
        "reportFilename": "mochawesome",
        "saveHtml": false,
        "saveJson": true,
        "consoleReporter": "spec",
        "useInlineDiffs": false,
        "code": true
      },
      "version": "7.1.3"
    },
    "marge": {
      "options": {
        "reportDir": "results",
        "overwrite": false,
        "html": false,
        "json": true
      },
      "version": "6.2.0"
    }
  }
}