{
  "stats": {
    "suites": 1,
    "tests": 1,
    "passes": 1,
    "pending": 0,
    "failures": 0,
    "start": "2023-10-27T09:27:20.406Z",
    "end": "2023-10-27T09:27:24.917Z",
    "duration": 4511,
    "testsRegistered": 1,
    "passPercent": 100,
    "pendingPercent": 0,
    "other": 0,
    "hasOther": false,
    "skipped": 0,
    "hasSkipped": false
  },
  "results": [
    {
      "uuid": "d869477e-36bb-4516-8cc6-9bd5376c3949",
      "title": "",
      "fullFile": "cypress\\tests\\components\\ProductDetailTest.js",
      "file": "cypress\\tests\\components\\ProductDetailTest.js",
      "beforeHooks": [],
      "afterHooks": [],
      "tests": [],
      "suites": [
        {
          "uuid": "82643900-89c3-4162-8d37-1d1fe6ff32ef",
          "title": "Product Detail Test",
          "fullFile": "",
          "file": "",
          "beforeHooks": [],
          "afterHooks": [],
          "tests": [
            {
              "title": "It should be able to verify product details",
              "fullTitle": "Product Detail Test It should be able to verify product details",
              "timedOut": null,
              "duration": 4250,
              "state": "passed",
              "speed": "fast",
              "pass": true,
              "fail": false,
              "pending": false,
              "context": null,
              "code": "const randomProduct = apiProduct[Math.floor(Math.random() * apiProduct.length)];\ncy.log(JSON.stringify(randomProduct));\nconst randomProductTitle = randomProduct.title.trim().replace('\\n', '');\nconst randomProductDesc = randomProduct.desc.trim().replace('\\n', '');\ncy.contains(randomProductTitle).click();\nconst productDetails = new _ProductDetailComponent.default();\nproductDetails.getProductImg().should('be.visible');\nproductDetails.getProductName().should('have.text', randomProductTitle);\nproductDetails.getProductPrice().should('contain.text', randomProduct.price);\nproductDetails.getAddToCartBtn().should('be.visible');\nproductDetails.getProductDesc().should('not.be.empty');",
              "err": {},
              "uuid": "9b396578-1f08-4796-9dc3-6149c7dfa0de",
              "parentUUID": "82643900-89c3-4162-8d37-1d1fe6ff32ef",
              "isHook": false,
              "skipped": false
            }
          ],
          "suites": [],
          "passes": [
            "9b396578-1f08-4796-9dc3-6149c7dfa0de"
          ],
          "failures": [],
          "pending": [],
          "skipped": [],
          "duration": 4250,
          "root": false,
          "rootEmpty": false,
          "_timeout": 2000
        }
      ],
      "passes": [],
      "failures": [],
      "pending": [],
      "skipped": [],
      "duration": 0,
      "root": true,
      "rootEmpty": true,
      "_timeout": 2000
    }
  ],
  "meta": {
    "mocha": {
      "version": "7.0.1"
    },
    "mochawesome": {
      "options": {
        "quiet": false,
        "reportFilename": "mochawesome",
        "saveHtml": false,
        "saveJson": true,
        "consoleReporter": "spec",
        "useInlineDiffs": false,
        "code": true
      },
      "version": "7.1.3"
    },
    "marge": {
      "options": {
        "reportDir": "results",
        "overwrite": false,
        "html": false,
        "json": true
      },
      "version": "6.2.0"
    }
  }
}