{
  "stats": {
    "suites": 1,
    "tests": 2,
    "passes": 2,
    "pending": 0,
    "failures": 0,
    "start": "2023-10-27T09:26:59.498Z",
    "end": "2023-10-27T09:27:02.455Z",
    "duration": 2957,
    "testsRegistered": 2,
    "passPercent": 100,
    "pendingPercent": 0,
    "other": 0,
    "hasOther": false,
    "skipped": 0,
    "hasSkipped": false
  },
  "results": [
    {
      "uuid": "54e03d17-65d4-42da-955c-0086bf2afd2d",
      "title": "",
      "fullFile": "cypress\\tests\\components\\HeaderTest.js",
      "file": "cypress\\tests\\components\\HeaderTest.js",
      "beforeHooks": [],
      "afterHooks": [],
      "tests": [],
      "suites": [
        {
          "uuid": "e615193e-469a-47b7-bec6-2b47d5b07928",
          "title": "Header Component Test",
          "fullFile": "",
          "file": "",
          "beforeHooks": [],
          "afterHooks": [],
          "tests": [
            {
              "title": "Test for brand logo",
              "fullTitle": "Header Component Test Test for brand logo",
              "timedOut": null,
              "duration": 2033,
              "state": "passed",
              "speed": "fast",
              "pass": true,
              "fail": false,
              "pending": false,
              "context": null,
              "code": "headerComp.brandLogoImg().should('be.visible');\nheaderComp.brandLogo().should('contain.text', BRAND_TEXT);",
              "err": {},
              "uuid": "0ea94231-9272-433e-b12d-75306b7c1e23",
              "parentUUID": "e615193e-469a-47b7-bec6-2b47d5b07928",
              "isHook": false,
              "skipped": false
            },
            {
              "title": "Test for header menu details",
              "fullTitle": "Header Component Test Test for header menu details",
              "timedOut": null,
              "duration": 579,
              "state": "passed",
              "speed": "fast",
              "pass": true,
              "fail": false,
              "pending": false,
              "context": null,
              "code": "const ExpectedMenuDetails = [{\n  \"text\": \"Home (current)\",\n  \"href\": \"index.html\"\n}, {\n  \"text\": \"Contact\",\n  \"href\": \"#\"\n}, {\n  \"text\": \"About us\",\n  \"href\": \"#\"\n}, {\n  \"text\": \"Cart\",\n  \"href\": \"cart.html\"\n}, {\n  \"text\": \"Log in\",\n  \"href\": \"#\"\n}, {\n  \"text\": \"Sign up\",\n  \"href\": \"#\"\n}];\nheaderComp.getMenuDetails().then(actualMenuDetails => {\n  cy.wrap('').then(() => {\n    expect(actualMenuDetails).to.be.deep.eq(ExpectedMenuDetails);\n  });\n});",
              "err": {},
              "uuid": "14676f2b-bb72-4063-a670-51ae0236ed9e",
              "parentUUID": "e615193e-469a-47b7-bec6-2b47d5b07928",
              "isHook": false,
              "skipped": false
            }
          ],
          "suites": [],
          "passes": [
            "0ea94231-9272-433e-b12d-75306b7c1e23",
            "14676f2b-bb72-4063-a670-51ae0236ed9e"
          ],
          "failures": [],
          "pending": [],
          "skipped": [],
          "duration": 2612,
          "root": false,
          "rootEmpty": false,
          "_timeout": 2000
        }
      ],
      "passes": [],
      "failures": [],
      "pending": [],
      "skipped": [],
      "duration": 0,
      "root": true,
      "rootEmpty": true,
      "_timeout": 2000
    }
  ],
  "meta": {
    "mocha": {
      "version": "7.0.1"
    },
    "mochawesome": {
      "options": {
        "quiet": false,
        "reportFilename": "mochawesome",
        "saveHtml": false,
        "saveJson": true,
        "consoleReporter": "spec",
        "useInlineDiffs": false,
        "code": true
      },
      "version": "7.1.3"
    },
    "marge": {
      "options": {
        "reportDir": "results",
        "overwrite": false,
        "html": false,
        "json": true
      },
      "version": "6.2.0"
    }
  }
}